<?xml version="1.0" encoding="UTF-8"?>
<!-- Generated by org.testng.reporters.JUnitReportReporter -->
<testsuite hostname="DESKTOP-A92F397" failures="0" tests="3" name="sampletestng.TestNGFeatures" time="0.123" errors="0" timestamp="22 Jan 2018 13:38:13 GMT" skipped="0">
  <testcase classname="sampletestng.TestNGFeatures" name="settingpage" time="0.117"/>
  <testcase classname="sampletestng.TestNGFeatures" name="logintest" time="0.001"/>
  <testcase classname="sampletestng.TestNGFeatures" name="homepageTest" time="0.005"/>
</testsuite> <!-- sampletestng.TestNGFeatures -->
