<?xml version="1.0" encoding="UTF-8"?>
<!-- Generated by org.testng.reporters.JUnitReportReporter -->
<testsuite hostname="DESKTOP-A92F397" failures="0" tests="2" name="sampletestng.AssertTest" time="34.751" errors="0" timestamp="22 Jan 2018 13:38:14 GMT" skipped="0">
  <testcase classname="sampletestng.AssertTest" name="googleTitleTest" time="22.899"/>
  <testcase classname="sampletestng.AssertTest" name="logoTest" time="11.852"/>
</testsuite> <!-- sampletestng.AssertTest -->
