<?xml version="1.0" encoding="UTF-8"?>
<!-- Generated by org.testng.reporters.JUnitReportReporter -->
<testsuite hostname="DESKTOP-A92F397" failures="0" tests="1" name="sampletestng.ExpectedExceptionTest" time="0.020" errors="0" timestamp="22 Jan 2018 13:39:00 GMT" skipped="0">
  <testcase classname="sampletestng.ExpectedExceptionTest" name="expectioncheck" time="0.020"/>
</testsuite> <!-- sampletestng.ExpectedExceptionTest -->
