<?xml version="1.0" encoding="UTF-8"?>
<!-- Generated by org.testng.reporters.JUnitReportReporter -->
<testsuite hostname="DESKTOP-A92F397" failures="0" tests="2" name="com.datadriven.test.GmailLogin_ExcelTest" time="36.404" errors="0" timestamp="22 Jan 2018 11:57:33 GMT" skipped="0">
  <testcase classname="com.datadriven.test.GmailLogin_ExcelTest" name="gmaillogintest" time="19.610"/>
  <testcase classname="com.datadriven.test.GmailLogin_ExcelTest" name="gmaillogintest" time="16.794"/>
</testsuite> <!-- com.datadriven.test.GmailLogin_ExcelTest -->
