<?xml version="1.0" encoding="UTF-8"?>
<!-- Generated by org.testng.reporters.JUnitReportReporter -->
<testsuite hostname="DESKTOP-A92F397" failures="0" tests="1" name="sampletestng.Testngbasics" time="0.004" errors="0" timestamp="22 Jan 2018 13:38:14 GMT" skipped="0">
  <testcase classname="sampletestng.Testngbasics" name="testsample" time="0.004"/>
</testsuite> <!-- sampletestng.Testngbasics -->
