<?xml version="1.0" encoding="UTF-8"?>
<!-- Generated by org.testng.reporters.JUnitReportReporter -->
<testsuite hostname="DESKTOP-A92F397" failures="0" tests="5" name="sampletestng.InvocationCountTest" time="0.040" errors="0" timestamp="22 Jan 2018 13:39:52 GMT" skipped="0">
  <testcase classname="sampletestng.InvocationCountTest" name="countcheck" time="0.005"/>
  <testcase classname="sampletestng.InvocationCountTest" name="countcheck" time="0.022"/>
  <testcase classname="sampletestng.InvocationCountTest" name="countcheck" time="0.004"/>
  <testcase classname="sampletestng.InvocationCountTest" name="countcheck" time="0.003"/>
  <testcase classname="sampletestng.InvocationCountTest" name="countcheck" time="0.006"/>
</testsuite> <!-- sampletestng.InvocationCountTest -->
