<?xml version="1.0" encoding="UTF-8"?>
<!-- Generated by org.testng.reporters.JUnitReportReporter -->
<testsuite skipped="0" hostname="DESKTOP-A92F397" name="com.qa.tests.DemoTest" tests="2" failures="0" timestamp="06 Feb 2018 15:49:31 GMT" time="0.042" errors="0">
  <testcase name="add" time="0.031" classname="com.qa.tests.DemoTest"/>
  <testcase name="sub" time="0.011" classname="com.qa.tests.DemoTest"/>
</testsuite> <!-- com.qa.tests.DemoTest -->
