<?xml version="1.0" encoding="UTF-8"?>
<!-- Generated by org.testng.reporters.JUnitReportReporter -->
<testsuite hostname="DESKTOP-A92F397" failures="0" tests="3" name="com.crm.qa.testcases.LoginPageTest" time="109.804" errors="0" timestamp="06 Feb 2018 07:20:51 GMT" skipped="0">
  <testcase classname="com.crm.qa.testcases.LoginPageTest" name="loginPageTitleTest" time="38.164"/>
  <testcase classname="com.crm.qa.testcases.LoginPageTest" name="crmLogoImageTest" time="37.927"/>
  <testcase classname="com.crm.qa.testcases.LoginPageTest" name="loginTest" time="33.713"/>
</testsuite> <!-- com.crm.qa.testcases.LoginPageTest -->
